<?xml version="1.0" encoding="UTF-8"?>
<!-- Generated by org.testng.reporters.JUnitReportReporter -->
<testsuite skipped="0" hostname="NITV-SUNIL" name="IPTV_new.CRM.Login" tests="1" failures="0" timestamp="09 Jun 2022 02:43:11 GMT" time="19.349" errors="0">
  <testcase name="login" time="19.349" classname="IPTV_new.CRM.Login"/>
</testsuite> <!-- IPTV_new.CRM.Login -->
